<?xml version="1.0" encoding="UTF-8"?>
<!-- Generated by org.testng.reporters.JUnitReportReporter -->
<testsuite hostname="DESKTOP-CGP7FS0" failures="0" tests="1" name="runner.FlightsPageTest" time="27.967" errors="0" timestamp="2021-08-30T15:53:55 IST" skipped="0">
  <testcase classname="runner.FlightsPageTest" name="fpNavigation" time="27.967"/>
  <system-out/>
</testsuite> <!-- runner.FlightsPageTest -->
