<?xml version="1.0" encoding="UTF-8"?>
<!-- Generated by org.testng.reporters.JUnitReportReporter -->
<testsuite hostname="DESKTOP-CGP7FS0" failures="0" tests="1" name="makemytrip.homepageTest" time="10.413" errors="0" timestamp="2021-08-23T17:17:24 IST" skipped="0">
  <testcase classname="makemytrip.homepageTest" name="hpnavigation" time="10.413"/>
  <system-out/>
</testsuite> <!-- makemytrip.homepageTest -->
